<?xml version="1.0" encoding="UTF-8"?>
<!-- Generated by org.testng.reporters.JUnitReportReporter -->
<testsuite skipped="0" hostname="WIN-GEDESCREUP8" name="runnerPackage.testRunner" tests="1" failures="0" timestamp="06 Mar 2018 19:54:59 GMT" time="5.452" errors="0">
  <testcase name="runScenario" time="5.452" classname="runnerPackage.testRunner"/>
</testsuite> <!-- runnerPackage.testRunner -->
