<?xml version="1.0" encoding="UTF-8"?>
<!-- Generated by org.testng.reporters.JUnitReportReporter -->
<testsuite skipped="0" hostname="WIN-GEDESCREUP8" name="stepDefinition.stepDefinition" tests="1" failures="0" timestamp="06 Mar 2018 19:49:27 GMT" time="0.021" errors="1">
  <testcase name="runScenario" time="0.021" classname="stepDefinition.stepDefinition">
    <error/>
  </testcase> <!-- runScenario -->
</testsuite> <!-- stepDefinition.stepDefinition -->
